0 info it worked if it ends with ok
1 verbose cli [ 'C:\\Program Files (x86)\\Microsoft Visual Studio\\2017\\Community\\Web\\External\\Node.exe',
1 verbose cli   'C:\\Program Files (x86)\\Microsoft Visual Studio\\2017\\Community\\Web\\External\\node_modules\\npm\\bin\\npm-cli.js',
1 verbose cli   'install' ]
2 info using npm@3.3.4
3 info using node@v5.4.1
4 silly loadCurrentTree Starting
5 silly install loadCurrentTree
6 silly install readLocalPackageData
7 silly install normalizeTree
8 silly loadCurrentTree Finishing
9 silly loadIdealTree Starting
10 silly install loadIdealTree
11 silly cloneCurrentTree Starting
12 silly install cloneCurrentTreeToIdealTree
13 silly cloneCurrentTree Finishing
14 silly loadShrinkwrap Starting
15 silly install loadShrinkwrap
16 silly loadShrinkwrap Finishing
17 silly loadAllDepsIntoIdealTree Starting
18 silly install loadAllDepsIntoIdealTree
19 silly fetchNamedPackageData com.unity.postprocessing
20 silly mapToRegistry name com.unity.postprocessing
21 silly mapToRegistry using default registry
22 silly mapToRegistry registry https://registry.npmjs.org/
23 silly mapToRegistry uri https://registry.npmjs.org/com.unity.postprocessing
24 silly fetchNamedPackageData com.unity.render-pipelines.core
25 silly mapToRegistry name com.unity.render-pipelines.core
26 silly mapToRegistry using default registry
27 silly mapToRegistry registry https://registry.npmjs.org/
28 silly mapToRegistry uri https://registry.npmjs.org/com.unity.render-pipelines.core
29 verbose request uri https://registry.npmjs.org/com.unity.postprocessing
30 verbose request no auth needed
31 info attempt registry request try #1 at 21:17:36
32 verbose request id 32ec3e8fc2455808
33 http request GET https://registry.npmjs.org/com.unity.postprocessing
34 verbose request uri https://registry.npmjs.org/com.unity.render-pipelines.core
35 verbose request no auth needed
36 info attempt registry request try #1 at 21:17:36
37 http request GET https://registry.npmjs.org/com.unity.render-pipelines.core
38 http 404 https://registry.npmjs.org/com.unity.postprocessing
39 verbose headers { 'content-type': 'application/json',
39 verbose headers   'cache-control': 'max-age=0',
39 verbose headers   'content-length': '2',
39 verbose headers   'accept-ranges': 'bytes',
39 verbose headers   date: 'Tue, 20 Mar 2018 13:17:37 GMT',
39 verbose headers   via: '1.1 varnish',
39 verbose headers   connection: 'keep-alive',
39 verbose headers   'x-served-by': 'cache-nrt6141-NRT',
39 verbose headers   'x-cache': 'MISS',
39 verbose headers   'x-cache-hits': '0',
39 verbose headers   'x-timer': 'S1521551857.794092,VS0,VE615',
39 verbose headers   vary: 'Accept-Encoding' }
40 silly get cb [ 404,
40 silly get   { 'content-type': 'application/json',
40 silly get     'cache-control': 'max-age=0',
40 silly get     'content-length': '2',
40 silly get     'accept-ranges': 'bytes',
40 silly get     date: 'Tue, 20 Mar 2018 13:17:37 GMT',
40 silly get     via: '1.1 varnish',
40 silly get     connection: 'keep-alive',
40 silly get     'x-served-by': 'cache-nrt6141-NRT',
40 silly get     'x-cache': 'MISS',
40 silly get     'x-cache-hits': '0',
40 silly get     'x-timer': 'S1521551857.794092,VS0,VE615',
40 silly get     vary: 'Accept-Encoding' } ]
41 silly fetchPackageMetaData Error: Registry returned 404 for GET on https://registry.npmjs.org/com.unity.postprocessing
41 silly fetchPackageMetaData     at makeError (C:\Program Files (x86)\Microsoft Visual Studio\2017\Community\Web\External\node_modules\npm-registry-client\lib\request.js:264:12)
41 silly fetchPackageMetaData     at CachingRegistryClient.<anonymous> (C:\Program Files (x86)\Microsoft Visual Studio\2017\Community\Web\External\node_modules\npm-registry-client\lib\request.js:242:14)
41 silly fetchPackageMetaData     at Request._callback (C:\Program Files (x86)\Microsoft Visual Studio\2017\Community\Web\External\node_modules\npm-registry-client\lib\request.js:172:14)
41 silly fetchPackageMetaData     at Request.self.callback (C:\Program Files (x86)\Microsoft Visual Studio\2017\Community\Web\External\node_modules\request\request.js:344:22)
41 silly fetchPackageMetaData     at emitTwo (events.js:87:13)
41 silly fetchPackageMetaData     at Request.emit (events.js:172:7)
41 silly fetchPackageMetaData     at Request.<anonymous> (C:\Program Files (x86)\Microsoft Visual Studio\2017\Community\Web\External\node_modules\request\request.js:1239:14)
41 silly fetchPackageMetaData     at emitOne (events.js:82:20)
41 silly fetchPackageMetaData     at Request.emit (events.js:169:7)
41 silly fetchPackageMetaData     at IncomingMessage.<anonymous> (C:\Program Files (x86)\Microsoft Visual Studio\2017\Community\Web\External\node_modules\request\request.js:1187:12)
41 silly fetchPackageMetaData  error for com.unity.postprocessing@2.0.0-beta { [Error: Registry returned 404 for GET on https://registry.npmjs.org/com.unity.postprocessing]
41 silly fetchPackageMetaData   pkgid: 'com.unity.postprocessing',
41 silly fetchPackageMetaData   statusCode: 404,
41 silly fetchPackageMetaData   code: 'E404' }
42 http 404 https://registry.npmjs.org/com.unity.render-pipelines.core
43 verbose headers { 'content-type': 'application/json',
43 verbose headers   'cache-control': 'max-age=0',
43 verbose headers   'content-length': '2',
43 verbose headers   'accept-ranges': 'bytes',
43 verbose headers   date: 'Tue, 20 Mar 2018 13:17:37 GMT',
43 verbose headers   via: '1.1 varnish',
43 verbose headers   connection: 'keep-alive',
43 verbose headers   'x-served-by': 'cache-nrt6139-NRT',
43 verbose headers   'x-cache': 'MISS',
43 verbose headers   'x-cache-hits': '0',
43 verbose headers   'x-timer': 'S1521551857.792219,VS0,VE1194',
43 verbose headers   vary: 'Accept-Encoding' }
44 silly get cb [ 404,
44 silly get   { 'content-type': 'application/json',
44 silly get     'cache-control': 'max-age=0',
44 silly get     'content-length': '2',
44 silly get     'accept-ranges': 'bytes',
44 silly get     date: 'Tue, 20 Mar 2018 13:17:37 GMT',
44 silly get     via: '1.1 varnish',
44 silly get     connection: 'keep-alive',
44 silly get     'x-served-by': 'cache-nrt6139-NRT',
44 silly get     'x-cache': 'MISS',
44 silly get     'x-cache-hits': '0',
44 silly get     'x-timer': 'S1521551857.792219,VS0,VE1194',
44 silly get     vary: 'Accept-Encoding' } ]
45 silly fetchPackageMetaData Error: Registry returned 404 for GET on https://registry.npmjs.org/com.unity.render-pipelines.core
45 silly fetchPackageMetaData     at makeError (C:\Program Files (x86)\Microsoft Visual Studio\2017\Community\Web\External\node_modules\npm-registry-client\lib\request.js:264:12)
45 silly fetchPackageMetaData     at CachingRegistryClient.<anonymous> (C:\Program Files (x86)\Microsoft Visual Studio\2017\Community\Web\External\node_modules\npm-registry-client\lib\request.js:242:14)
45 silly fetchPackageMetaData     at Request._callback (C:\Program Files (x86)\Microsoft Visual Studio\2017\Community\Web\External\node_modules\npm-registry-client\lib\request.js:172:14)
45 silly fetchPackageMetaData     at Request.self.callback (C:\Program Files (x86)\Microsoft Visual Studio\2017\Community\Web\External\node_modules\request\request.js:344:22)
45 silly fetchPackageMetaData     at emitTwo (events.js:87:13)
45 silly fetchPackageMetaData     at Request.emit (events.js:172:7)
45 silly fetchPackageMetaData     at Request.<anonymous> (C:\Program Files (x86)\Microsoft Visual Studio\2017\Community\Web\External\node_modules\request\request.js:1239:14)
45 silly fetchPackageMetaData     at emitOne (events.js:82:20)
45 silly fetchPackageMetaData     at Request.emit (events.js:169:7)
45 silly fetchPackageMetaData     at IncomingMessage.<anonymous> (C:\Program Files (x86)\Microsoft Visual Studio\2017\Community\Web\External\node_modules\request\request.js:1187:12)
45 silly fetchPackageMetaData  error for com.unity.render-pipelines.core@0.1.33 { [Error: Registry returned 404 for GET on https://registry.npmjs.org/com.unity.render-pipelines.core]
45 silly fetchPackageMetaData   pkgid: 'com.unity.render-pipelines.core',
45 silly fetchPackageMetaData   statusCode: 404,
45 silly fetchPackageMetaData   code: 'E404' }
46 silly rollbackFailedOptional Starting
47 silly rollbackFailedOptional Finishing
48 silly runTopLevelLifecycles Starting
49 silly runTopLevelLifecycles Finishing
50 silly install printInstalled
51 verbose stack Error: Registry returned 404 for GET on https://registry.npmjs.org/com.unity.postprocessing
51 verbose stack     at makeError (C:\Program Files (x86)\Microsoft Visual Studio\2017\Community\Web\External\node_modules\npm-registry-client\lib\request.js:264:12)
51 verbose stack     at CachingRegistryClient.<anonymous> (C:\Program Files (x86)\Microsoft Visual Studio\2017\Community\Web\External\node_modules\npm-registry-client\lib\request.js:242:14)
51 verbose stack     at Request._callback (C:\Program Files (x86)\Microsoft Visual Studio\2017\Community\Web\External\node_modules\npm-registry-client\lib\request.js:172:14)
51 verbose stack     at Request.self.callback (C:\Program Files (x86)\Microsoft Visual Studio\2017\Community\Web\External\node_modules\request\request.js:344:22)
51 verbose stack     at emitTwo (events.js:87:13)
51 verbose stack     at Request.emit (events.js:172:7)
51 verbose stack     at Request.<anonymous> (C:\Program Files (x86)\Microsoft Visual Studio\2017\Community\Web\External\node_modules\request\request.js:1239:14)
51 verbose stack     at emitOne (events.js:82:20)
51 verbose stack     at Request.emit (events.js:169:7)
51 verbose stack     at IncomingMessage.<anonymous> (C:\Program Files (x86)\Microsoft Visual Studio\2017\Community\Web\External\node_modules\request\request.js:1187:12)
52 verbose statusCode 404
53 verbose pkgid com.unity.postprocessing
54 verbose cwd E:\Project\SPRTEST_Code\Assets\ScriptableRenderPipeline\ScriptableRenderPipeline\RenderGraph
55 error Windows_NT 10.0.16299
56 error argv "C:\\Program Files (x86)\\Microsoft Visual Studio\\2017\\Community\\Web\\External\\Node.exe" "C:\\Program Files (x86)\\Microsoft Visual Studio\\2017\\Community\\Web\\External\\node_modules\\npm\\bin\\npm-cli.js" "install"
57 error node v5.4.1
58 error npm  v3.3.4
59 error code E404
60 error 404 Registry returned 404 for GET on https://registry.npmjs.org/com.unity.postprocessing
60 error 404
60 error 404 'com.unity.postprocessing' is not in the npm registry.
60 error 404 You should bug the author to publish it (or use the name yourself!)
60 error 404 It was specified as a dependency of 'com.unity.render-pipelines.render-graph'
60 error 404
60 error 404 Note that you can also install from a
60 error 404 tarball, folder, http url, or git url.
61 verbose exit [ 1, true ]
